<?xml version="1.0" encoding="UTF-8"?>
<testng-results skipped="0" failed="0" total="1" passed="1">
  <reporter-output>
  </reporter-output>
  <suite name="Default suite" duration-ms="27061" started-at="2017-10-22T03:04:27Z" finished-at="2017-10-22T03:04:54Z">
    <groups>
    </groups>
    <test name="Default test" duration-ms="27061" started-at="2017-10-22T03:04:27Z" finished-at="2017-10-22T03:04:54Z">
      <class name="com.testcases.Tc_01">
        <test-method status="PASS" signature="startTest()[pri:0, instance:com.testcases.Tc_01@1810399e]" name="startTest" duration-ms="27015" started-at="2017-10-22T08:34:27Z" finished-at="2017-10-22T08:34:54Z">
          <reporter-output>
          </reporter-output>
        </test-method> <!-- startTest -->
      </class> <!-- com.testcases.Tc_01 -->
    </test> <!-- Default test -->
  </suite> <!-- Default suite -->
</testng-results>
